RUN	test.BasicSimulation	basicsimulation	1688400347466	 	3.9.5
USER	BasicSimulation	START	1688400348863
USER	BasicSimulation	START	1688400348863
USER	BasicSimulation	START	1688400348863
USER	BasicSimulation	START	1688400348863
USER	BasicSimulation	START	1688400348864
USER	BasicSimulation	START	1688400348864
USER	BasicSimulation	START	1688400348863
USER	BasicSimulation	START	1688400348864
USER	BasicSimulation	START	1688400348865
USER	BasicSimulation	START	1688400348865
USER	BasicSimulation	START	1688400348863
USER	BasicSimulation	START	1688400348863
USER	BasicSimulation	START	1688400348865
USER	BasicSimulation	START	1688400348865
USER	BasicSimulation	START	1688400348866
REQUEST		request_1	1688400348762	1688400349292	OK	 
REQUEST		request_1	1688400348762	1688400349321	OK	 
REQUEST		request_1 Redirect 1	1688400349302	1688400349533	OK	 
REQUEST		request_1 Redirect 1	1688400349321	1688400349551	OK	 
REQUEST		request_1	1688400348761	1688400349566	OK	 
REQUEST		request_1	1688400348762	1688400349568	OK	 
REQUEST		request_1	1688400348762	1688400349568	OK	 
REQUEST		request_1	1688400348762	1688400349573	OK	 
REQUEST		request_1	1688400348762	1688400349573	OK	 
REQUEST		request_1	1688400348762	1688400349577	OK	 
REQUEST		request_1	1688400348761	1688400349577	OK	 
REQUEST		request_1	1688400348762	1688400349577	OK	 
REQUEST		request_1	1688400348762	1688400349577	OK	 
REQUEST		request_1	1688400348762	1688400349579	OK	 
REQUEST		request_1	1688400348761	1688400349579	OK	 
REQUEST		request_1	1688400348762	1688400349580	OK	 
REQUEST		request_1	1688400348762	1688400349582	OK	 
REQUEST		request_1 Redirect 1	1688400349566	1688400349780	OK	 
REQUEST		request_1 Redirect 1	1688400349568	1688400349787	OK	 
REQUEST		request_1 Redirect 1	1688400349574	1688400349792	OK	 
REQUEST		request_1 Redirect 1	1688400349577	1688400349803	OK	 
REQUEST		request_1 Redirect 1	1688400349577	1688400349806	OK	 
REQUEST		request_1 Redirect 1	1688400349568	1688400349817	OK	 
REQUEST		request_1 Redirect 1	1688400349579	1688400349848	OK	 
REQUEST		request_1 Redirect 1	1688400349577	1688400349855	OK	 
REQUEST		request_1 Redirect 1	1688400349579	1688400349883	OK	 
REQUEST		request_1 Redirect 1	1688400349582	1688400349888	OK	 
REQUEST		request_1 Redirect 1	1688400349574	1688400349889	OK	 
REQUEST		request_1 Redirect 1	1688400349577	1688400349892	OK	 
REQUEST		request_1 Redirect 1	1688400349580	1688400349899	OK	 
USER	BasicSimulation	END	1688400354558
USER	BasicSimulation	END	1688400354558
USER	BasicSimulation	END	1688400354791
USER	BasicSimulation	END	1688400354791
USER	BasicSimulation	END	1688400354806
USER	BasicSimulation	END	1688400354806
USER	BasicSimulation	END	1688400354822
USER	BasicSimulation	END	1688400354823
USER	BasicSimulation	END	1688400354853
USER	BasicSimulation	END	1688400354868
USER	BasicSimulation	END	1688400354899
USER	BasicSimulation	END	1688400354899
USER	BasicSimulation	END	1688400354900
USER	BasicSimulation	END	1688400354900
USER	BasicSimulation	END	1688400354915
