RUN	test.RecordedSimulation	recordedsimulation	1688400856458	 	3.9.5
USER	RecordedSimulation	START	1688400857490
USER	RecordedSimulation	START	1688400857490
USER	RecordedSimulation	START	1688400857489
USER	RecordedSimulation	START	1688400857489
USER	RecordedSimulation	START	1688400857490
USER	RecordedSimulation	START	1688400857490
USER	RecordedSimulation	START	1688400857490
USER	RecordedSimulation	START	1688400857490
USER	RecordedSimulation	START	1688400857489
USER	RecordedSimulation	START	1688400857490
USER	RecordedSimulation	START	1688400857490
USER	RecordedSimulation	START	1688400857490
USER	RecordedSimulation	START	1688400857489
USER	RecordedSimulation	START	1688400857489
USER	RecordedSimulation	START	1688400857490
REQUEST		request_0	1688400857395	1688400857916	OK	 
REQUEST		request_0	1688400857395	1688400857912	OK	 
REQUEST		request_0	1688400857394	1688400857912	OK	 
REQUEST		request_0	1688400857394	1688400857912	OK	 
REQUEST		request_0	1688400857394	1688400857925	OK	 
REQUEST		request_0	1688400857394	1688400857927	OK	 
REQUEST		request_0	1688400857394	1688400857932	OK	 
REQUEST		request_0	1688400857394	1688400857932	OK	 
REQUEST		request_0 Redirect 1	1688400857922	1688400858150	OK	 
REQUEST		request_0 Redirect 1	1688400857922	1688400858150	OK	 
REQUEST		request_0 Redirect 1	1688400857926	1688400858150	OK	 
REQUEST		request_0 Redirect 1	1688400857922	1688400858150	OK	 
REQUEST		request_0 Redirect 1	1688400857932	1688400858155	OK	 
REQUEST		request_0 Redirect 1	1688400857932	1688400858160	OK	 
REQUEST		bootstrap.min.css	1688400858245	1688400858458	OK	 
REQUEST		bootstrap.min.css	1688400858245	1688400858461	OK	 
REQUEST		bootstrap.min.css	1688400858245	1688400858465	OK	 
REQUEST		bootstrap.min.css	1688400858245	1688400858469	OK	 
REQUEST		bootstrap.min.css	1688400858245	1688400858471	OK	 
REQUEST		request_1	1688400858247	1688400858656	OK	 
REQUEST		request_1	1688400858248	1688400858661	OK	 
REQUEST		main.css	1688400858245	1688400858694	OK	 
REQUEST		main.css	1688400858246	1688400858695	OK	 
REQUEST		main.css	1688400858247	1688400858775	OK	 
REQUEST		request_0	1688400857395	1688400858777	OK	 
REQUEST		request_1	1688400858247	1688400858777	OK	 
REQUEST		request_0	1688400857394	1688400858778	OK	 
REQUEST		main.css	1688400858246	1688400858779	OK	 
REQUEST		request_0	1688400857394	1688400858781	OK	 
REQUEST		request_0	1688400857395	1688400858782	OK	 
REQUEST		request_1	1688400858247	1688400858783	OK	 
REQUEST		request_0	1688400857395	1688400858785	OK	 
REQUEST		request_1	1688400858247	1688400858789	OK	 
REQUEST		request_1	1688400858247	1688400858791	OK	 
REQUEST		request_0 Redirect 1	1688400857927	1688400858792	OK	 
REQUEST		bootstrap.min.css	1688400858245	1688400858793	OK	 
REQUEST		request_0	1688400857394	1688400858793	OK	 
REQUEST		request_0 Redirect 1	1688400857922	1688400858794	OK	 
REQUEST		main.css	1688400858246	1688400858795	OK	 
REQUEST		request_0	1688400857394	1688400858796	OK	 
REQUEST		main.css	1688400858246	1688400858799	OK	 
REQUEST		request_0 Redirect 1	1688400858777	1688400858990	OK	 
REQUEST		request_0 Redirect 1	1688400858785	1688400858993	OK	 
REQUEST		request_0 Redirect 1	1688400858782	1688400859003	OK	 
REQUEST		request_0 Redirect 1	1688400858782	1688400859013	OK	 
REQUEST		bootstrap.min.css	1688400858796	1688400859013	OK	 
REQUEST		request_0 Redirect 1	1688400858779	1688400859015	OK	 
REQUEST		bootstrap.min.css	1688400858795	1688400859017	OK	 
REQUEST		request_0 Redirect 1	1688400858794	1688400859018	OK	 
REQUEST		request_0 Redirect 1	1688400858797	1688400859022	OK	 
REQUEST		bootstrap.min.css	1688400858995	1688400859203	OK	 
REQUEST		bootstrap.min.css	1688400858992	1688400859204	OK	 
REQUEST		main.css	1688400858795	1688400859205	OK	 
REQUEST		bootstrap.min.css	1688400859005	1688400859227	OK	 
REQUEST		request_1	1688400858795	1688400859240	OK	 
REQUEST		request_1	1688400858797	1688400859242	OK	 
REQUEST		bootstrap.min.css	1688400859024	1688400859247	OK	 
REQUEST		bootstrap.min.css	1688400859015	1688400859249	OK	 
REQUEST		bootstrap.min.css	1688400859020	1688400859249	OK	 
REQUEST		bootstrap.min.css	1688400859017	1688400859254	OK	 
REQUEST		main.css	1688400858796	1688400859256	OK	 
REQUEST		request_1	1688400858996	1688400859413	OK	 
REQUEST		main.css	1688400859006	1688400859425	OK	 
REQUEST		main.css	1688400858993	1688400859426	OK	 
REQUEST		main.css	1688400858995	1688400859428	OK	 
REQUEST		request_1	1688400858993	1688400859428	OK	 
REQUEST		main.css	1688400859020	1688400859436	OK	 
REQUEST		main.css	1688400859017	1688400859450	OK	 
REQUEST		request_1	1688400859006	1688400859451	OK	 
REQUEST		request_1	1688400859015	1688400859455	OK	 
REQUEST		main.css	1688400859024	1688400859468	OK	 
REQUEST		request_1	1688400859021	1688400859469	OK	 
REQUEST		request_1	1688400859018	1688400859477	OK	 
REQUEST		main.css	1688400859015	1688400859481	OK	 
REQUEST		request_1	1688400859024	1688400859780	OK	 
REQUEST		request_2	1688400860796	1688400861004	OK	 
REQUEST		request_2	1688400860796	1688400861006	OK	 
REQUEST		request_2	1688400860796	1688400861007	OK	 
REQUEST		request_2	1688400860796	1688400861015	OK	 
REQUEST		request_2	1688400860811	1688400861031	OK	 
REQUEST		request_2	1688400860811	1688400861032	OK	 
REQUEST		main.css	1688400861007	1688400861218	OK	 
REQUEST		bootstrap.min.css	1688400861006	1688400861222	OK	 
REQUEST		bootstrap.min.css	1688400861017	1688400861229	OK	 
REQUEST		main.css	1688400861008	1688400861233	OK	 
REQUEST		bootstrap.min.css	1688400861007	1688400861236	OK	 
REQUEST		main.css	1688400861017	1688400861237	OK	 
REQUEST		bootstrap.min.css	1688400861009	1688400861238	OK	 
REQUEST		main.css	1688400861009	1688400861239	OK	 
REQUEST		bootstrap.min.css	1688400861033	1688400861246	OK	 
REQUEST		main.css	1688400861034	1688400861250	OK	 
REQUEST		bootstrap.min.css	1688400861034	1688400861251	OK	 
REQUEST		main.css	1688400861035	1688400861265	OK	 
REQUEST		request_2	1688400861250	1688400861470	OK	 
REQUEST		request_2	1688400861266	1688400861480	OK	 
REQUEST		request_2	1688400861440	1688400861647	OK	 
REQUEST		request_2	1688400861440	1688400861650	OK	 
REQUEST		request_2	1688400861456	1688400861676	OK	 
REQUEST		bootstrap.min.css	1688400861472	1688400861683	OK	 
REQUEST		request_2	1688400861472	1688400861694	OK	 
REQUEST		main.css	1688400861472	1688400861697	OK	 
REQUEST		bootstrap.min.css	1688400861482	1688400861710	OK	 
REQUEST		main.css	1688400861483	1688400861715	OK	 
REQUEST		request_2	1688400861488	1688400861717	OK	 
REQUEST		request_2	1688400861488	1688400861717	OK	 
REQUEST		bootstrap.min.css	1688400861648	1688400861861	OK	 
REQUEST		main.css	1688400861649	1688400861866	OK	 
REQUEST		main.css	1688400861652	1688400861869	OK	 
REQUEST		bootstrap.min.css	1688400861652	1688400861874	OK	 
REQUEST		bootstrap.min.css	1688400861678	1688400861891	OK	 
REQUEST		main.css	1688400861678	1688400861904	OK	 
REQUEST		bootstrap.min.css	1688400861696	1688400861909	OK	 
REQUEST		main.css	1688400861697	1688400861923	OK	 
REQUEST		bootstrap.min.css	1688400861718	1688400861935	OK	 
REQUEST		bootstrap.min.css	1688400861718	1688400861944	OK	 
REQUEST		main.css	1688400861719	1688400861946	OK	 
REQUEST		main.css	1688400861718	1688400861953	OK	 
REQUEST		request_2	1688400861785	1688400862003	OK	 
REQUEST		bootstrap.min.css	1688400862004	1688400862226	OK	 
REQUEST		main.css	1688400862004	1688400862231	OK	 
REQUEST		request_3	1688400866236	1688400866464	OK	 
REQUEST		request_3	1688400866249	1688400866468	OK	 
REQUEST		request_3	1688400866249	1688400866468	OK	 
REQUEST		request_3	1688400866249	1688400866469	OK	 
REQUEST		request_3	1688400866265	1688400866485	OK	 
REQUEST		request_3	1688400866280	1688400866513	OK	 
REQUEST		request_3	1688400866701	1688400866921	OK	 
REQUEST		request_3	1688400866717	1688400866933	OK	 
REQUEST		request_3	1688400866873	1688400867079	OK	 
REQUEST		request_3	1688400866888	1688400867099	OK	 
REQUEST		request_3	1688400866920	1688400867140	OK	 
REQUEST		request_3	1688400866936	1688400867158	OK	 
REQUEST		request_3	1688400866951	1688400867180	OK	 
REQUEST		request_3	1688400866967	1688400867197	OK	 
REQUEST		request_3	1688400867234	1688400867453	OK	 
REQUEST		request_4	1688400875467	1688400875678	OK	 
REQUEST		request_4	1688400875482	1688400875688	OK	 
REQUEST		request_4	1688400875482	1688400875699	OK	 
REQUEST		request_4	1688400875482	1688400875700	OK	 
REQUEST		request_4	1688400875498	1688400875707	OK	 
REQUEST		request_4	1688400875528	1688400875741	OK	 
REQUEST		request_4	1688400875935	1688400876142	OK	 
REQUEST		request_4	1688400875935	1688400876160	OK	 
REQUEST		request_4	1688400876089	1688400876299	OK	 
REQUEST		request_4	1688400876104	1688400876322	OK	 
REQUEST		request_4	1688400876151	1688400876363	OK	 
REQUEST		request_4	1688400876167	1688400876376	OK	 
REQUEST		request_4	1688400876182	1688400876397	OK	 
REQUEST		request_4	1688400876214	1688400876436	OK	 
REQUEST		request_4	1688400876463	1688400876684	OK	 
REQUEST		request_5	1688400876694	1688400876908	OK	 
REQUEST		request_5	1688400876694	1688400876913	OK	 
REQUEST		request_5	1688400876710	1688400876928	OK	 
REQUEST		request_5	1688400876710	1688400876932	OK	 
REQUEST		request_5	1688400876710	1688400876938	OK	 
REQUEST		request_5	1688400876756	1688400876988	OK	 
REQUEST		bootstrap.min.css	1688400876910	1688400877120	OK	 
REQUEST		main.css	1688400876915	1688400877120	OK	 
REQUEST		main.css	1688400876910	1688400877121	OK	 
USER	RecordedSimulation	END	1688400877123
REQUEST		bootstrap.min.css	1688400876915	1688400877135	OK	 
USER	RecordedSimulation	END	1688400877136
REQUEST		main.css	1688400876930	1688400877139	OK	 
REQUEST		bootstrap.min.css	1688400876934	1688400877144	OK	 
REQUEST		bootstrap.min.css	1688400876930	1688400877151	OK	 
USER	RecordedSimulation	END	1688400877151
REQUEST		main.css	1688400876934	1688400877152	OK	 
REQUEST		bootstrap.min.css	1688400876939	1688400877152	OK	 
USER	RecordedSimulation	END	1688400877152
REQUEST		main.css	1688400876939	1688400877156	OK	 
USER	RecordedSimulation	END	1688400877156
REQUEST		main.css	1688400876990	1688400877203	OK	 
REQUEST		bootstrap.min.css	1688400876989	1688400877211	OK	 
USER	RecordedSimulation	END	1688400877212
REQUEST		request_5	1688400877147	1688400877370	OK	 
REQUEST		request_5	1688400877163	1688400877393	OK	 
REQUEST		request_5	1688400877303	1688400877520	OK	 
REQUEST		request_5	1688400877334	1688400877551	OK	 
REQUEST		main.css	1688400877372	1688400877578	OK	 
REQUEST		request_5	1688400877365	1688400877589	OK	 
REQUEST		bootstrap.min.css	1688400877372	1688400877595	OK	 
USER	RecordedSimulation	END	1688400877595
REQUEST		request_5	1688400877381	1688400877608	OK	 
REQUEST		bootstrap.min.css	1688400877395	1688400877614	OK	 
REQUEST		main.css	1688400877395	1688400877619	OK	 
USER	RecordedSimulation	END	1688400877619
REQUEST		request_5	1688400877412	1688400877640	OK	 
REQUEST		request_5	1688400877445	1688400877679	OK	 
REQUEST		bootstrap.min.css	1688400877521	1688400877728	OK	 
REQUEST		main.css	1688400877522	1688400877730	OK	 
USER	RecordedSimulation	END	1688400877731
REQUEST		bootstrap.min.css	1688400877553	1688400877764	OK	 
REQUEST		main.css	1688400877553	1688400877769	OK	 
USER	RecordedSimulation	END	1688400877770
REQUEST		main.css	1688400877591	1688400877805	OK	 
REQUEST		bootstrap.min.css	1688400877590	1688400877815	OK	 
USER	RecordedSimulation	END	1688400877816
REQUEST		main.css	1688400877609	1688400877818	OK	 
REQUEST		bootstrap.min.css	1688400877609	1688400877832	OK	 
USER	RecordedSimulation	END	1688400877833
REQUEST		main.css	1688400877642	1688400877857	OK	 
REQUEST		bootstrap.min.css	1688400877641	1688400877874	OK	 
USER	RecordedSimulation	END	1688400877875
REQUEST		main.css	1688400877680	1688400877901	OK	 
REQUEST		bootstrap.min.css	1688400877680	1688400877911	OK	 
USER	RecordedSimulation	END	1688400877911
REQUEST		request_5	1688400877694	1688400877920	OK	 
REQUEST		bootstrap.min.css	1688400877921	1688400878140	OK	 
REQUEST		main.css	1688400877921	1688400878141	OK	 
USER	RecordedSimulation	END	1688400878142
